2020-04-07 13:36:27.091  INFO 7720 --- [main] c.i.e.cluster.verification.Application   : Starting Application v1.0 on root with PID 7720 (/home/sai/EDP-DATA-MODULES/GITREPOSITROYDEPLOYMENT/validation/Kafka-Validator/libs/edp-cluster-verification-ui-1.0.jar started by root in /home/sai/EDP-DATA-MODULES/GITREPOSITROYDEPLOYMENT/validation/Kafka-Validator/libs)
2020-04-07 13:36:27.108  INFO 7720 --- [main] c.i.e.cluster.verification.Application   : No active profile set, falling back to default profiles: default
2020-04-07 13:36:27.255  INFO 7720 --- [main] ConfigServletWebServerApplicationContext : Refreshing org.springframework.boot.web.servlet.context.AnnotationConfigServletWebServerApplicationContext@16b4a017: startup date [Tue Apr 07 13:36:27 IST 2020]; root of context hierarchy
2020-04-07 13:36:29.491  INFO 7720 --- [main] o.s.b.w.embedded.tomcat.TomcatWebServer  : Tomcat initialized with port(s): 8080 (http)
2020-04-07 13:36:29.533  INFO 7720 --- [main] o.apache.catalina.core.StandardService   : Starting service [Tomcat]
2020-04-07 13:36:29.534  INFO 7720 --- [main] org.apache.catalina.core.StandardEngine  : Starting Servlet Engine: Apache Tomcat/8.5.29
2020-04-07 13:36:29.556  INFO 7720 --- [localhost-startStop-1] o.a.catalina.core.AprLifecycleListener   : The APR based Apache Tomcat Native library which allows optimal performance in production environments was not found on the java.library.path: [/usr/java/packages/lib/amd64:/usr/lib64:/lib64:/lib:/usr/lib]
2020-04-07 13:36:29.683  INFO 7720 --- [localhost-startStop-1] o.a.c.c.C.[Tomcat].[localhost].[/]       : Initializing Spring embedded WebApplicationContext
2020-04-07 13:36:29.683  INFO 7720 --- [localhost-startStop-1] o.s.web.context.ContextLoader            : Root WebApplicationContext: initialization completed in 2429 ms
2020-04-07 13:36:29.845  INFO 7720 --- [localhost-startStop-1] o.s.b.w.servlet.ServletRegistrationBean  : Servlet dispatcherServlet mapped to [/]
2020-04-07 13:36:29.851  INFO 7720 --- [localhost-startStop-1] o.s.b.w.servlet.FilterRegistrationBean   : Mapping filter: 'characterEncodingFilter' to: [/*]
2020-04-07 13:36:29.852  INFO 7720 --- [localhost-startStop-1] o.s.b.w.servlet.FilterRegistrationBean   : Mapping filter: 'hiddenHttpMethodFilter' to: [/*]
2020-04-07 13:36:29.852  INFO 7720 --- [localhost-startStop-1] o.s.b.w.servlet.FilterRegistrationBean   : Mapping filter: 'httpPutFormContentFilter' to: [/*]
2020-04-07 13:36:29.852  INFO 7720 --- [localhost-startStop-1] o.s.b.w.servlet.FilterRegistrationBean   : Mapping filter: 'requestContextFilter' to: [/*]
2020-04-07 13:36:30.043  INFO 7720 --- [main] o.s.w.s.handler.SimpleUrlHandlerMapping  : Mapped URL path [/**/favicon.ico] onto handler of type [class org.springframework.web.servlet.resource.ResourceHttpRequestHandler]
2020-04-07 13:36:30.409  INFO 7720 --- [main] s.w.s.m.m.a.RequestMappingHandlerAdapter : Looking for @ControllerAdvice: org.springframework.boot.web.servlet.context.AnnotationConfigServletWebServerApplicationContext@16b4a017: startup date [Tue Apr 07 13:36:27 IST 2020]; root of context hierarchy
2020-04-07 13:36:30.531  INFO 7720 --- [main] s.w.s.m.m.a.RequestMappingHandlerMapping : Mapped "{[/error],produces=[text/html]}" onto public org.springframework.web.servlet.ModelAndView org.springframework.boot.autoconfigure.web.servlet.error.BasicErrorController.errorHtml(javax.servlet.http.HttpServletRequest,javax.servlet.http.HttpServletResponse)
2020-04-07 13:36:30.532  INFO 7720 --- [main] s.w.s.m.m.a.RequestMappingHandlerMapping : Mapped "{[/error]}" onto public org.springframework.http.ResponseEntity<java.util.Map<java.lang.String, java.lang.Object>> org.springframework.boot.autoconfigure.web.servlet.error.BasicErrorController.error(javax.servlet.http.HttpServletRequest)
2020-04-07 13:36:30.572  INFO 7720 --- [main] o.s.w.s.handler.SimpleUrlHandlerMapping  : Mapped URL path [/webjars/**] onto handler of type [class org.springframework.web.servlet.resource.ResourceHttpRequestHandler]
2020-04-07 13:36:30.573  INFO 7720 --- [main] o.s.w.s.handler.SimpleUrlHandlerMapping  : Mapped URL path [/**] onto handler of type [class org.springframework.web.servlet.resource.ResourceHttpRequestHandler]
2020-04-07 13:36:30.655  INFO 7720 --- [main] o.s.b.a.w.s.WelcomePageHandlerMapping    : Adding welcome page: class path resource [static/index.html]
2020-04-07 13:36:30.795  INFO 7720 --- [main] o.s.j.e.a.AnnotationMBeanExporter        : Registering beans for JMX exposure on startup
2020-04-07 13:36:30.849  INFO 7720 --- [main] o.s.b.w.embedded.tomcat.TomcatWebServer  : Tomcat started on port(s): 8080 (http) with context path ''
2020-04-07 13:36:30.854  INFO 7720 --- [main] c.i.e.cluster.verification.Application   : Started Application in 4.826 seconds (JVM running for 6.095)
2020-04-07 13:36:45.873  INFO 7720 --- [http-nio-8080-exec-1] o.a.c.c.C.[Tomcat].[localhost].[/]       : Initializing Spring FrameworkServlet 'dispatcherServlet'
2020-04-07 13:36:45.874  INFO 7720 --- [http-nio-8080-exec-1] o.s.web.servlet.DispatcherServlet        : FrameworkServlet 'dispatcherServlet': initialization started
2020-04-07 13:36:45.889  INFO 7720 --- [http-nio-8080-exec-1] o.s.web.servlet.DispatcherServlet        : FrameworkServlet 'dispatcherServlet': initialization completed in 15 ms
2020-04-07 14:29:03.529  INFO 7720 --- [Thread-3] ConfigServletWebServerApplicationContext : Closing org.springframework.boot.web.servlet.context.AnnotationConfigServletWebServerApplicationContext@16b4a017: startup date [Tue Apr 07 13:36:27 IST 2020]; root of context hierarchy
2020-04-07 14:29:03.549  INFO 7720 --- [Thread-3] o.s.j.e.a.AnnotationMBeanExporter        : Unregistering JMX-exposed beans on shutdown
